have_library: checking for main() in -lole32... -------------------- no

"clang -o conftest -I../../.ext/include/x86_64-darwin14 -I../.././include -I../.././ext/win32ole -D_XOPEN_SOURCE -D_DARWIN_C_SOURCE -D_DARWIN_UNLIMITED_SELECT -D_REENTRANT    -O3 -fno-fast-math -ggdb3 -Wall -Wextra -Wno-unused-parameter -Wno-parentheses -Wno-long-long -Wno-missing-field-initializers -Wunused-variable -Wpointer-arith -Wwrite-strings -Wdeclaration-after-statement -Wshorten-64-to-32 -Wimplicit-function-declaration -Wdivision-by-zero -Wdeprecated-declarations -Wextra-tokens  -pipe conftest.c  -L. -L../.. -L. -fstack-protector     -lruby-static -framework CoreFoundation -lole32  -lpthread -ldl -lobjc "
ld: library not found for -lole32
clang: error: linker command failed with exit code 1 (use -v to see invocation)
checked program was:
/* begin */
 1: #include "ruby.h"
 2: 
 3: /*top*/
 4: extern int t(void);
 5: int main(int argc, char **argv)
 6: {
 7:   if (argc > 1000000) {
 8:     printf("%p", &t);
 9:   }
10: 
11:   return 0;
12: }
13: int t(void) { void ((*volatile p)()); p = (void ((*)()))main; return 0; }
/* end */

"clang -o conftest -I../../.ext/include/x86_64-darwin14 -I../.././include -I../.././ext/win32ole -D_XOPEN_SOURCE -D_DARWIN_C_SOURCE -D_DARWIN_UNLIMITED_SELECT -D_REENTRANT    -O3 -fno-fast-math -ggdb3 -Wall -Wextra -Wno-unused-parameter -Wno-parentheses -Wno-long-long -Wno-missing-field-initializers -Wunused-variable -Wpointer-arith -Wwrite-strings -Wdeclaration-after-statement -Wshorten-64-to-32 -Wimplicit-function-declaration -Wdivision-by-zero -Wdeprecated-declarations -Wextra-tokens  -pipe conftest.c  -L. -L../.. -L. -fstack-protector     -lruby-static -framework CoreFoundation -lole32  -lpthread -ldl -lobjc "
conftest.c:13:20: error: too few arguments to function call, expected 2, have 0
int t(void) { main(); return 0; }
              ~~~~ ^
conftest.c:5:1: note: 'main' declared here
int main(int argc, char **argv)
^
1 error generated.
checked program was:
/* begin */
 1: #include "ruby.h"
 2: 
 3: /*top*/
 4: extern int t(void);
 5: int main(int argc, char **argv)
 6: {
 7:   if (argc > 1000000) {
 8:     printf("%p", &t);
 9:   }
10: 
11:   return 0;
12: }
13: int t(void) { main(); return 0; }
/* end */

--------------------

Failed to configure win32ole. It will not be installed.
