"clang -I../../../.ext/include/x86_64-darwin14 -I../../.././include -I../../.././ext/io/console -D_XOPEN_SOURCE -D_DARWIN_C_SOURCE -D_DARWIN_UNLIMITED_SELECT -D_REENTRANT    -O3 -fno-fast-math -ggdb3 -Wall -Wextra -Wno-unused-parameter -Wno-parentheses -Wno-long-long -Wno-missing-field-initializers -Wunused-variable -Wpointer-arith -Wwrite-strings -Wdeclaration-after-statement -Wshorten-64-to-32 -Wimplicit-function-declaration -Wdivision-by-zero -Wdeprecated-declarations -Wextra-tokens  -pipe   -c conftest.c"
conftest.c:5:3: error: 
# error
  ^
conftest.c:6:1: error: expected identifier or '('
|:/ === _WIN32 undefined === /:|
^
2 errors generated.
checked program was:
/* begin */
1: #include "ruby.h"
2: 
3: /*top*/
4: #ifndef _WIN32
5: # error
6: |:/ === _WIN32 undefined === /:|
7: #endif
/* end */

have_header: checking for termios.h... -------------------- yes

"clang -E -I../../../.ext/include/x86_64-darwin14 -I../../.././include -I../../.././ext/io/console -D_XOPEN_SOURCE -D_DARWIN_C_SOURCE -D_DARWIN_UNLIMITED_SELECT -D_REENTRANT    -O3 -fno-fast-math -ggdb3 -Wall -Wextra -Wno-unused-parameter -Wno-parentheses -Wno-long-long -Wno-missing-field-initializers -Wunused-variable -Wpointer-arith -Wwrite-strings -Wdeclaration-after-statement -Wshorten-64-to-32 -Wimplicit-function-declaration -Wdivision-by-zero -Wdeprecated-declarations -Wextra-tokens  -pipe  conftest.c -o conftest.i"
checked program was:
/* begin */
1: #include "ruby.h"
2: 
3: #include <termios.h>
/* end */

--------------------

have_func: checking for cfmakeraw() in termios.h... -------------------- yes

"clang -o conftest -I../../../.ext/include/x86_64-darwin14 -I../../.././include -I../../.././ext/io/console -D_XOPEN_SOURCE -D_DARWIN_C_SOURCE -D_DARWIN_UNLIMITED_SELECT -D_REENTRANT    -O3 -fno-fast-math -ggdb3 -Wall -Wextra -Wno-unused-parameter -Wno-parentheses -Wno-long-long -Wno-missing-field-initializers -Wunused-variable -Wpointer-arith -Wwrite-strings -Wdeclaration-after-statement -Wshorten-64-to-32 -Wimplicit-function-declaration -Wdivision-by-zero -Wdeprecated-declarations -Wextra-tokens  -pipe conftest.c  -L. -L../../.. -L. -fstack-protector     -lruby-static -framework CoreFoundation  -lpthread -ldl -lobjc "
checked program was:
/* begin */
 1: #include "ruby.h"
 2: 
 3: #include <termios.h>
 4: 
 5: /*top*/
 6: extern int t(void);
 7: int main(int argc, char **argv)
 8: {
 9:   if (argc > 1000000) {
10:     printf("%p", &t);
11:   }
12: 
13:   return 0;
14: }
15: int t(void) { void ((*volatile p)()); p = (void ((*)()))cfmakeraw; return 0; }
/* end */

--------------------

have_header: checking for sys/ioctl.h... -------------------- yes

"clang -E -I../../../.ext/include/x86_64-darwin14 -I../../.././include -I../../.././ext/io/console -D_XOPEN_SOURCE -D_DARWIN_C_SOURCE -D_DARWIN_UNLIMITED_SELECT -D_REENTRANT    -O3 -fno-fast-math -ggdb3 -Wall -Wextra -Wno-unused-parameter -Wno-parentheses -Wno-long-long -Wno-missing-field-initializers -Wunused-variable -Wpointer-arith -Wwrite-strings -Wdeclaration-after-statement -Wshorten-64-to-32 -Wimplicit-function-declaration -Wdivision-by-zero -Wdeprecated-declarations -Wextra-tokens  -pipe  conftest.c -o conftest.i"
checked program was:
/* begin */
1: #include "ruby.h"
2: 
3: #include <sys/ioctl.h>
/* end */

--------------------

extconf.h is:
/* begin */
1: #ifndef EXTCONF_H
2: #define EXTCONF_H
3: #define HAVE_TERMIOS_H 1
4: #define HAVE_CFMAKERAW 1
5: #define HAVE_SYS_IOCTL_H 1
6: #endif
/* end */

